<?xml version="1.0" encoding="UTF-8"?>
<!-- Generated by org.testng.reporters.JUnitXMLReporter -->
<testsuite hostname="DESKTOP-QBA990P" ignored="0" name="Test" tests="7" failures="0" timestamp="18 Jan 2021 22:13:22 GMT" time="148.179" errors="0">
  <testcase name="CaptureScreenshot" time="30.761" classname="utils.Screenshots"/>
  <testcase name="test1" time="22.387" classname="utils.ExcelDataProvider"/>
  <testcase name="test1" time="24.393" classname="utils.ExcelDataProvider"/>
  <testcase name="test1" time="25.682" classname="utils.ExcelDataProvider"/>
  <testcase name="test1" time="21.259" classname="utils.ExcelDataProvider"/>
  <testcase name="test1" time="20.455" classname="utils.ExcelDataProvider"/>
  <testcase name="LoginTest" time="1.005" classname="utils.ExtentReportsTest"/>
</testsuite> <!-- Test -->
