<?xml version="1.0" encoding="UTF-8"?>
<!-- Generated by org.testng.reporters.JUnitXMLReporter -->
<testsuite hostname="DESKTOP-QBA990P" ignored="0" name="Test" tests="5" failures="0" timestamp="13 Jan 2021 01:16:03 GMT" time="114.624" errors="0">
  <testcase name="test1" time="40.302" classname="utils.ExcelDataProvider"/>
  <testcase name="test1" time="16.686" classname="utils.ExcelDataProvider"/>
  <testcase name="test1" time="20.917" classname="utils.ExcelDataProvider"/>
  <testcase name="test1" time="17.322" classname="utils.ExcelDataProvider"/>
  <testcase name="test1" time="18.55" classname="utils.ExcelDataProvider"/>
</testsuite> <!-- Test -->
