<?xml version="1.0" encoding="UTF-8"?>
<testng-results skipped="0" failed="0" ignored="0" total="7" passed="7">
  <reporter-output>
  </reporter-output>
  <suite name="Suite" duration-ms="148179" started-at="2021-01-18T22:10:54Z" finished-at="2021-01-18T22:13:22Z">
    <groups>
    </groups>
    <test name="Test" duration-ms="148179" started-at="2021-01-18T22:10:54Z" finished-at="2021-01-18T22:13:22Z">
      <class name="utils.ExtentReportsTest">
        <test-method status="PASS" signature="LoginTest()[pri:0, instance:utils.ExtentReportsTest@7770f470]" name="LoginTest" duration-ms="1005" started-at="2021-01-18T22:13:21Z" finished-at="2021-01-18T22:13:22Z">
          <reporter-output>
          </reporter-output>
        </test-method> <!-- LoginTest -->
      </class> <!-- utils.ExtentReportsTest -->
      <class name="utils.ExcelDataProvider">
        <test-method status="PASS" signature="setUpTest()[pri:0, instance:utils.ExcelDataProvider@247bddad]" name="setUpTest" is-config="true" duration-ms="10" started-at="2021-01-18T22:10:54Z" finished-at="2021-01-18T22:10:54Z">
          <reporter-output>
          </reporter-output>
        </test-method> <!-- setUpTest -->
        <test-method status="PASS" signature="test1(java.lang.String, java.lang.String)[pri:0, instance:utils.ExcelDataProvider@247bddad]" name="test1" duration-ms="22387" started-at="2021-01-18T22:11:27Z" data-provider="test1data" finished-at="2021-01-18T22:11:49Z">
          <params>
            <param index="0">
              <value>
                <![CDATA[inro4ebony@gmail.com]]>
              </value>
            </param>
            <param index="1">
              <value>
                <![CDATA[isuA@4189]]>
              </value>
            </param>
          </params>
          <reporter-output>
          </reporter-output>
        </test-method> <!-- test1 -->
        <test-method status="PASS" signature="test1(java.lang.String, java.lang.String)[pri:0, instance:utils.ExcelDataProvider@247bddad]" name="test1" duration-ms="24393" started-at="2021-01-18T22:11:49Z" data-provider="test1data" finished-at="2021-01-18T22:12:14Z">
          <params>
            <param index="0">
              <value>
                <![CDATA[inro4eboy@gmail.com]]>
              </value>
            </param>
            <param index="1">
              <value>
                <![CDATA[isuA@4189]]>
              </value>
            </param>
          </params>
          <reporter-output>
          </reporter-output>
        </test-method> <!-- test1 -->
        <test-method status="PASS" signature="test1(java.lang.String, java.lang.String)[pri:0, instance:utils.ExcelDataProvider@247bddad]" name="test1" duration-ms="25682" started-at="2021-01-18T22:12:14Z" data-provider="test1data" finished-at="2021-01-18T22:12:39Z">
          <params>
            <param index="0">
              <value>
                <![CDATA[inro4ebony@gmail.com]]>
              </value>
            </param>
            <param index="1">
              <value>
                <![CDATA[isuA@4186]]>
              </value>
            </param>
          </params>
          <reporter-output>
          </reporter-output>
        </test-method> <!-- test1 -->
        <test-method status="PASS" signature="test1(java.lang.String, java.lang.String)[pri:0, instance:utils.ExcelDataProvider@247bddad]" name="test1" duration-ms="21259" started-at="2021-01-18T22:12:39Z" data-provider="test1data" finished-at="2021-01-18T22:13:01Z">
          <params>
            <param index="0">
              <value>
                <![CDATA[inro4eboy@yahoo.com]]>
              </value>
            </param>
            <param index="1">
              <value>
                <![CDATA[isuA@4189]]>
              </value>
            </param>
          </params>
          <reporter-output>
          </reporter-output>
        </test-method> <!-- test1 -->
        <test-method status="PASS" signature="test1(java.lang.String, java.lang.String)[pri:0, instance:utils.ExcelDataProvider@247bddad]" name="test1" duration-ms="20455" started-at="2021-01-18T22:13:01Z" data-provider="test1data" finished-at="2021-01-18T22:13:21Z">
          <params>
            <param index="0">
              <value>
                <![CDATA[inro4eybony@gmail.com]]>
              </value>
            </param>
            <param index="1">
              <value>
                <![CDATA[isuA@4185]]>
              </value>
            </param>
          </params>
          <reporter-output>
          </reporter-output>
        </test-method> <!-- test1 -->
      </class> <!-- utils.ExcelDataProvider -->
      <class name="utils.Screenshots">
        <test-method status="PASS" signature="CaptureScreenshot()[pri:0, instance:utils.Screenshots@d35dea7]" name="CaptureScreenshot" duration-ms="30761" started-at="2021-01-18T22:10:54Z" finished-at="2021-01-18T22:11:25Z">
          <reporter-output>
          </reporter-output>
        </test-method> <!-- CaptureScreenshot -->
      </class> <!-- utils.Screenshots -->
    </test> <!-- Test -->
  </suite> <!-- Suite -->
</testng-results>
